<?xml version="1.0" encoding="UTF-8"?>
<!-- Generated by org.testng.reporters.JUnitReportReporter -->
<testsuite hostname="LAPTOP-DRLNN8IH" failures="0" tests="1" name="testScript.Login_Script" time="44.431" errors="0" timestamp="2023-04-29T09:35:48 IST" skipped="0">
  <testcase classname="testScript.Login_Script" name="test1" time="44.431"/>
  <system-out/>
</testsuite> <!-- testScript.Login_Script -->
